Created by PLY version 3.11 (http://www.dabeaz.com/ply)

Unused terminals:

    LOAD
    POINT

Grammar

Rule 0     S' -> Program
Rule 1     Program -> ListInst
Rule 2     ListInst -> Instruction END ListInst
Rule 3     ListInst -> Instruction END
Rule 4     Instruction -> instance
Rule 5     Instruction -> ID GET METRICS DATE
Rule 6     Instruction -> ID ACTION SALE ID PRICE DPOINT NUMBER AMOUNT DPOINT NUMBER
Rule 7     Instruction -> ID ACTION INVESTS ID COST DPOINT NUMBER AMOUNT DPOINT NUMBER
Rule 8     Instruction -> ID ADD ID
Rule 9     Instruction -> ID ADD BILL OBRACE COST CBRACE
Rule 10    Instruction -> ID ADD subType
Rule 11    Instruction -> ID DEL NAME
Rule 12    instance -> TYPE ID ASSIGN Assignable
Rule 13    instance -> ID ASSIGN Assignable
Rule 14    Assignable -> subType
Rule 15    Assignable -> collection
Rule 16    Assignable -> ID
Rule 17    subType -> OBRACE bus CBRACE
Rule 18    subType -> OBRACE emp CBRACE
Rule 19    subType -> OBRACE prod CBRACE
Rule 20    collection -> OBR collection_body CBR
Rule 21    collection_body -> subType COMMA collection_body
Rule 22    collection_body -> subType
Rule 23    collection_body -> ID COMMA collection_body
Rule 24    collection_body -> ID
Rule 25    bus -> NAME COMMA collection COMMA collection
Rule 26    bus -> NAME COMMA ID COMMA ID
Rule 27    emp -> NAME COMMA NUMBER
Rule 28    prod -> NAME

Terminals, with rules where they appear

ACTION               : 6 7
ADD                  : 8 9 10
AMOUNT               : 6 7
ASSIGN               : 12 13
BILL                 : 9
CBR                  : 20
CBRACE               : 9 17 18 19
COMMA                : 21 23 25 25 26 26 27
COST                 : 7 9
DATE                 : 5
DEL                  : 11
DPOINT               : 6 6 7 7
END                  : 2 3
GET                  : 5
ID                   : 5 6 6 7 7 8 8 9 10 11 12 13 16 23 24 26 26
INVESTS              : 7
LOAD                 : 
METRICS              : 5
NAME                 : 11 25 26 27 28
NUMBER               : 6 6 7 7 27
OBR                  : 20
OBRACE               : 9 17 18 19
POINT                : 
PRICE                : 6
SALE                 : 6
TYPE                 : 12
error                : 

Nonterminals, with rules where they appear

Assignable           : 12 13
Instruction          : 2 3
ListInst             : 1 2
Program              : 0
bus                  : 17
collection           : 15 25 25
collection_body      : 20 21 23
emp                  : 18
instance             : 4
prod                 : 19
subType              : 10 14 21 22

Parsing method: LALR

state 0

    (0) S' -> . Program
    (1) Program -> . ListInst
    (2) ListInst -> . Instruction END ListInst
    (3) ListInst -> . Instruction END
    (4) Instruction -> . instance
    (5) Instruction -> . ID GET METRICS DATE
    (6) Instruction -> . ID ACTION SALE ID PRICE DPOINT NUMBER AMOUNT DPOINT NUMBER
    (7) Instruction -> . ID ACTION INVESTS ID COST DPOINT NUMBER AMOUNT DPOINT NUMBER
    (8) Instruction -> . ID ADD ID
    (9) Instruction -> . ID ADD BILL OBRACE COST CBRACE
    (10) Instruction -> . ID ADD subType
    (11) Instruction -> . ID DEL NAME
    (12) instance -> . TYPE ID ASSIGN Assignable
    (13) instance -> . ID ASSIGN Assignable

    ID              shift and go to state 5
    TYPE            shift and go to state 6

    Program                        shift and go to state 1
    ListInst                       shift and go to state 2
    Instruction                    shift and go to state 3
    instance                       shift and go to state 4

state 1

    (0) S' -> Program .



state 2

    (1) Program -> ListInst .

    $end            reduce using rule 1 (Program -> ListInst .)


state 3

    (2) ListInst -> Instruction . END ListInst
    (3) ListInst -> Instruction . END

    END             shift and go to state 7


state 4

    (4) Instruction -> instance .

    END             reduce using rule 4 (Instruction -> instance .)


state 5

    (5) Instruction -> ID . GET METRICS DATE
    (6) Instruction -> ID . ACTION SALE ID PRICE DPOINT NUMBER AMOUNT DPOINT NUMBER
    (7) Instruction -> ID . ACTION INVESTS ID COST DPOINT NUMBER AMOUNT DPOINT NUMBER
    (8) Instruction -> ID . ADD ID
    (9) Instruction -> ID . ADD BILL OBRACE COST CBRACE
    (10) Instruction -> ID . ADD subType
    (11) Instruction -> ID . DEL NAME
    (13) instance -> ID . ASSIGN Assignable

    GET             shift and go to state 8
    ACTION          shift and go to state 9
    ADD             shift and go to state 10
    DEL             shift and go to state 11
    ASSIGN          shift and go to state 12


state 6

    (12) instance -> TYPE . ID ASSIGN Assignable

    ID              shift and go to state 13


state 7

    (2) ListInst -> Instruction END . ListInst
    (3) ListInst -> Instruction END .
    (2) ListInst -> . Instruction END ListInst
    (3) ListInst -> . Instruction END
    (4) Instruction -> . instance
    (5) Instruction -> . ID GET METRICS DATE
    (6) Instruction -> . ID ACTION SALE ID PRICE DPOINT NUMBER AMOUNT DPOINT NUMBER
    (7) Instruction -> . ID ACTION INVESTS ID COST DPOINT NUMBER AMOUNT DPOINT NUMBER
    (8) Instruction -> . ID ADD ID
    (9) Instruction -> . ID ADD BILL OBRACE COST CBRACE
    (10) Instruction -> . ID ADD subType
    (11) Instruction -> . ID DEL NAME
    (12) instance -> . TYPE ID ASSIGN Assignable
    (13) instance -> . ID ASSIGN Assignable

    $end            reduce using rule 3 (ListInst -> Instruction END .)
    ID              shift and go to state 5
    TYPE            shift and go to state 6

    Instruction                    shift and go to state 3
    ListInst                       shift and go to state 14
    instance                       shift and go to state 4

state 8

    (5) Instruction -> ID GET . METRICS DATE

    METRICS         shift and go to state 15


state 9

    (6) Instruction -> ID ACTION . SALE ID PRICE DPOINT NUMBER AMOUNT DPOINT NUMBER
    (7) Instruction -> ID ACTION . INVESTS ID COST DPOINT NUMBER AMOUNT DPOINT NUMBER

    SALE            shift and go to state 16
    INVESTS         shift and go to state 17


state 10

    (8) Instruction -> ID ADD . ID
    (9) Instruction -> ID ADD . BILL OBRACE COST CBRACE
    (10) Instruction -> ID ADD . subType
    (17) subType -> . OBRACE bus CBRACE
    (18) subType -> . OBRACE emp CBRACE
    (19) subType -> . OBRACE prod CBRACE

    ID              shift and go to state 18
    BILL            shift and go to state 19
    OBRACE          shift and go to state 20

    subType                        shift and go to state 21

state 11

    (11) Instruction -> ID DEL . NAME

    NAME            shift and go to state 22


state 12

    (13) instance -> ID ASSIGN . Assignable
    (14) Assignable -> . subType
    (15) Assignable -> . collection
    (16) Assignable -> . ID
    (17) subType -> . OBRACE bus CBRACE
    (18) subType -> . OBRACE emp CBRACE
    (19) subType -> . OBRACE prod CBRACE
    (20) collection -> . OBR collection_body CBR

    ID              shift and go to state 23
    OBRACE          shift and go to state 20
    OBR             shift and go to state 27

    Assignable                     shift and go to state 24
    subType                        shift and go to state 25
    collection                     shift and go to state 26

state 13

    (12) instance -> TYPE ID . ASSIGN Assignable

    ASSIGN          shift and go to state 28


state 14

    (2) ListInst -> Instruction END ListInst .

    $end            reduce using rule 2 (ListInst -> Instruction END ListInst .)


state 15

    (5) Instruction -> ID GET METRICS . DATE

    DATE            shift and go to state 29


state 16

    (6) Instruction -> ID ACTION SALE . ID PRICE DPOINT NUMBER AMOUNT DPOINT NUMBER

    ID              shift and go to state 30


state 17

    (7) Instruction -> ID ACTION INVESTS . ID COST DPOINT NUMBER AMOUNT DPOINT NUMBER

    ID              shift and go to state 31


state 18

    (8) Instruction -> ID ADD ID .

    END             reduce using rule 8 (Instruction -> ID ADD ID .)


state 19

    (9) Instruction -> ID ADD BILL . OBRACE COST CBRACE

    OBRACE          shift and go to state 32


state 20

    (17) subType -> OBRACE . bus CBRACE
    (18) subType -> OBRACE . emp CBRACE
    (19) subType -> OBRACE . prod CBRACE
    (25) bus -> . NAME COMMA collection COMMA collection
    (26) bus -> . NAME COMMA ID COMMA ID
    (27) emp -> . NAME COMMA NUMBER
    (28) prod -> . NAME

    NAME            shift and go to state 36

    bus                            shift and go to state 33
    emp                            shift and go to state 34
    prod                           shift and go to state 35

state 21

    (10) Instruction -> ID ADD subType .

    END             reduce using rule 10 (Instruction -> ID ADD subType .)


state 22

    (11) Instruction -> ID DEL NAME .

    END             reduce using rule 11 (Instruction -> ID DEL NAME .)


state 23

    (16) Assignable -> ID .

    END             reduce using rule 16 (Assignable -> ID .)


state 24

    (13) instance -> ID ASSIGN Assignable .

    END             reduce using rule 13 (instance -> ID ASSIGN Assignable .)


state 25

    (14) Assignable -> subType .

    END             reduce using rule 14 (Assignable -> subType .)


state 26

    (15) Assignable -> collection .

    END             reduce using rule 15 (Assignable -> collection .)


state 27

    (20) collection -> OBR . collection_body CBR
    (21) collection_body -> . subType COMMA collection_body
    (22) collection_body -> . subType
    (23) collection_body -> . ID COMMA collection_body
    (24) collection_body -> . ID
    (17) subType -> . OBRACE bus CBRACE
    (18) subType -> . OBRACE emp CBRACE
    (19) subType -> . OBRACE prod CBRACE

    ID              shift and go to state 39
    OBRACE          shift and go to state 20

    collection_body                shift and go to state 37
    subType                        shift and go to state 38

state 28

    (12) instance -> TYPE ID ASSIGN . Assignable
    (14) Assignable -> . subType
    (15) Assignable -> . collection
    (16) Assignable -> . ID
    (17) subType -> . OBRACE bus CBRACE
    (18) subType -> . OBRACE emp CBRACE
    (19) subType -> . OBRACE prod CBRACE
    (20) collection -> . OBR collection_body CBR

    ID              shift and go to state 23
    OBRACE          shift and go to state 20
    OBR             shift and go to state 27

    Assignable                     shift and go to state 40
    subType                        shift and go to state 25
    collection                     shift and go to state 26

state 29

    (5) Instruction -> ID GET METRICS DATE .

    END             reduce using rule 5 (Instruction -> ID GET METRICS DATE .)


state 30

    (6) Instruction -> ID ACTION SALE ID . PRICE DPOINT NUMBER AMOUNT DPOINT NUMBER

    PRICE           shift and go to state 41


state 31

    (7) Instruction -> ID ACTION INVESTS ID . COST DPOINT NUMBER AMOUNT DPOINT NUMBER

    COST            shift and go to state 42


state 32

    (9) Instruction -> ID ADD BILL OBRACE . COST CBRACE

    COST            shift and go to state 43


state 33

    (17) subType -> OBRACE bus . CBRACE

    CBRACE          shift and go to state 44


state 34

    (18) subType -> OBRACE emp . CBRACE

    CBRACE          shift and go to state 45


state 35

    (19) subType -> OBRACE prod . CBRACE

    CBRACE          shift and go to state 46


state 36

    (25) bus -> NAME . COMMA collection COMMA collection
    (26) bus -> NAME . COMMA ID COMMA ID
    (27) emp -> NAME . COMMA NUMBER
    (28) prod -> NAME .

    COMMA           shift and go to state 47
    CBRACE          reduce using rule 28 (prod -> NAME .)


state 37

    (20) collection -> OBR collection_body . CBR

    CBR             shift and go to state 48


state 38

    (21) collection_body -> subType . COMMA collection_body
    (22) collection_body -> subType .

    COMMA           shift and go to state 49
    CBR             reduce using rule 22 (collection_body -> subType .)


state 39

    (23) collection_body -> ID . COMMA collection_body
    (24) collection_body -> ID .

    COMMA           shift and go to state 50
    CBR             reduce using rule 24 (collection_body -> ID .)


state 40

    (12) instance -> TYPE ID ASSIGN Assignable .

    END             reduce using rule 12 (instance -> TYPE ID ASSIGN Assignable .)


state 41

    (6) Instruction -> ID ACTION SALE ID PRICE . DPOINT NUMBER AMOUNT DPOINT NUMBER

    DPOINT          shift and go to state 51


state 42

    (7) Instruction -> ID ACTION INVESTS ID COST . DPOINT NUMBER AMOUNT DPOINT NUMBER

    DPOINT          shift and go to state 52


state 43

    (9) Instruction -> ID ADD BILL OBRACE COST . CBRACE

    CBRACE          shift and go to state 53


state 44

    (17) subType -> OBRACE bus CBRACE .

    END             reduce using rule 17 (subType -> OBRACE bus CBRACE .)
    COMMA           reduce using rule 17 (subType -> OBRACE bus CBRACE .)
    CBR             reduce using rule 17 (subType -> OBRACE bus CBRACE .)


state 45

    (18) subType -> OBRACE emp CBRACE .

    END             reduce using rule 18 (subType -> OBRACE emp CBRACE .)
    COMMA           reduce using rule 18 (subType -> OBRACE emp CBRACE .)
    CBR             reduce using rule 18 (subType -> OBRACE emp CBRACE .)


state 46

    (19) subType -> OBRACE prod CBRACE .

    END             reduce using rule 19 (subType -> OBRACE prod CBRACE .)
    COMMA           reduce using rule 19 (subType -> OBRACE prod CBRACE .)
    CBR             reduce using rule 19 (subType -> OBRACE prod CBRACE .)


state 47

    (25) bus -> NAME COMMA . collection COMMA collection
    (26) bus -> NAME COMMA . ID COMMA ID
    (27) emp -> NAME COMMA . NUMBER
    (20) collection -> . OBR collection_body CBR

    ID              shift and go to state 55
    NUMBER          shift and go to state 56
    OBR             shift and go to state 27

    collection                     shift and go to state 54

state 48

    (20) collection -> OBR collection_body CBR .

    END             reduce using rule 20 (collection -> OBR collection_body CBR .)
    COMMA           reduce using rule 20 (collection -> OBR collection_body CBR .)
    CBRACE          reduce using rule 20 (collection -> OBR collection_body CBR .)


state 49

    (21) collection_body -> subType COMMA . collection_body
    (21) collection_body -> . subType COMMA collection_body
    (22) collection_body -> . subType
    (23) collection_body -> . ID COMMA collection_body
    (24) collection_body -> . ID
    (17) subType -> . OBRACE bus CBRACE
    (18) subType -> . OBRACE emp CBRACE
    (19) subType -> . OBRACE prod CBRACE

    ID              shift and go to state 39
    OBRACE          shift and go to state 20

    subType                        shift and go to state 38
    collection_body                shift and go to state 57

state 50

    (23) collection_body -> ID COMMA . collection_body
    (21) collection_body -> . subType COMMA collection_body
    (22) collection_body -> . subType
    (23) collection_body -> . ID COMMA collection_body
    (24) collection_body -> . ID
    (17) subType -> . OBRACE bus CBRACE
    (18) subType -> . OBRACE emp CBRACE
    (19) subType -> . OBRACE prod CBRACE

    ID              shift and go to state 39
    OBRACE          shift and go to state 20

    collection_body                shift and go to state 58
    subType                        shift and go to state 38

state 51

    (6) Instruction -> ID ACTION SALE ID PRICE DPOINT . NUMBER AMOUNT DPOINT NUMBER

    NUMBER          shift and go to state 59


state 52

    (7) Instruction -> ID ACTION INVESTS ID COST DPOINT . NUMBER AMOUNT DPOINT NUMBER

    NUMBER          shift and go to state 60


state 53

    (9) Instruction -> ID ADD BILL OBRACE COST CBRACE .

    END             reduce using rule 9 (Instruction -> ID ADD BILL OBRACE COST CBRACE .)


state 54

    (25) bus -> NAME COMMA collection . COMMA collection

    COMMA           shift and go to state 61


state 55

    (26) bus -> NAME COMMA ID . COMMA ID

    COMMA           shift and go to state 62


state 56

    (27) emp -> NAME COMMA NUMBER .

    CBRACE          reduce using rule 27 (emp -> NAME COMMA NUMBER .)


state 57

    (21) collection_body -> subType COMMA collection_body .

    CBR             reduce using rule 21 (collection_body -> subType COMMA collection_body .)


state 58

    (23) collection_body -> ID COMMA collection_body .

    CBR             reduce using rule 23 (collection_body -> ID COMMA collection_body .)


state 59

    (6) Instruction -> ID ACTION SALE ID PRICE DPOINT NUMBER . AMOUNT DPOINT NUMBER

    AMOUNT          shift and go to state 63


state 60

    (7) Instruction -> ID ACTION INVESTS ID COST DPOINT NUMBER . AMOUNT DPOINT NUMBER

    AMOUNT          shift and go to state 64


state 61

    (25) bus -> NAME COMMA collection COMMA . collection
    (20) collection -> . OBR collection_body CBR

    OBR             shift and go to state 27

    collection                     shift and go to state 65

state 62

    (26) bus -> NAME COMMA ID COMMA . ID

    ID              shift and go to state 66


state 63

    (6) Instruction -> ID ACTION SALE ID PRICE DPOINT NUMBER AMOUNT . DPOINT NUMBER

    DPOINT          shift and go to state 67


state 64

    (7) Instruction -> ID ACTION INVESTS ID COST DPOINT NUMBER AMOUNT . DPOINT NUMBER

    DPOINT          shift and go to state 68


state 65

    (25) bus -> NAME COMMA collection COMMA collection .

    CBRACE          reduce using rule 25 (bus -> NAME COMMA collection COMMA collection .)


state 66

    (26) bus -> NAME COMMA ID COMMA ID .

    CBRACE          reduce using rule 26 (bus -> NAME COMMA ID COMMA ID .)


state 67

    (6) Instruction -> ID ACTION SALE ID PRICE DPOINT NUMBER AMOUNT DPOINT . NUMBER

    NUMBER          shift and go to state 69


state 68

    (7) Instruction -> ID ACTION INVESTS ID COST DPOINT NUMBER AMOUNT DPOINT . NUMBER

    NUMBER          shift and go to state 70


state 69

    (6) Instruction -> ID ACTION SALE ID PRICE DPOINT NUMBER AMOUNT DPOINT NUMBER .

    END             reduce using rule 6 (Instruction -> ID ACTION SALE ID PRICE DPOINT NUMBER AMOUNT DPOINT NUMBER .)


state 70

    (7) Instruction -> ID ACTION INVESTS ID COST DPOINT NUMBER AMOUNT DPOINT NUMBER .

    END             reduce using rule 7 (Instruction -> ID ACTION INVESTS ID COST DPOINT NUMBER AMOUNT DPOINT NUMBER .)

